<?xml version="1.0" encoding="UTF-8"?>
<testsuite name="FizzBuzzTest" tests="7" skipped="0" failures="0" errors="0" timestamp="2021-04-09T00:49:00" hostname="DUNGEON-DEV" time="0.027">
  <properties/>
  <testcase name="Input of 97 should return &quot;97&quot;()" classname="FizzBuzzTest" time="0.022"/>
  <testcase name="Input of 100 should return &quot;buzz&quot;()" classname="FizzBuzzTest" time="0.001"/>
  <testcase name="Input of 1 should return &quot;1&quot;()" classname="FizzBuzzTest" time="0.0"/>
  <testcase name="Input of 15 should return &quot;fizzbuzz&quot;()" classname="FizzBuzzTest" time="0.0"/>
  <testcase name="Input of 3 should return &quot;fizz&quot;()" classname="FizzBuzzTest" time="0.001"/>
  <testcase name="Input of 5 should return &quot;buzz&quot;()" classname="FizzBuzzTest" time="0.0"/>
  <testcase name="Input of 99 should return &quot;fizz&quot;()" classname="FizzBuzzTest" time="0.0"/>
  <system-out><![CDATA[]]></system-out>
  <system-err><![CDATA[]]></system-err>
</testsuite>
